[debug] [2021-04-04T08:55:15.400Z] ----------------------------------------------------------------------
[debug] [2021-04-04T08:55:15.402Z] Command:       C:\Program Files\nodejs\node.exe C:\Program Files\nodejs\node_modules\firebase-tools\lib\bin\firebase.js deploy --only functions:api
[debug] [2021-04-04T08:55:15.402Z] CLI Version:   9.8.0
[debug] [2021-04-04T08:55:15.402Z] Platform:      win32
[debug] [2021-04-04T08:55:15.402Z] Node Version:  v12.13.0
[debug] [2021-04-04T08:55:15.403Z] Time:          Sun Apr 04 2021 15:55:15 GMT+0700 (Indochina Time)
[debug] [2021-04-04T08:55:15.404Z] ----------------------------------------------------------------------
[debug] 
[debug] [2021-04-04T08:55:15.411Z] > command requires scopes: ["email","openid","https://www.googleapis.com/auth/cloudplatformprojects.readonly","https://www.googleapis.com/auth/firebase","https://www.googleapis.com/auth/cloud-platform"]
[debug] [2021-04-04T08:55:15.412Z] > authorizing via signed-in user
[debug] [2021-04-04T08:55:15.412Z] [iam] checking project sprout-9526a for permissions ["cloudfunctions.functions.create","cloudfunctions.functions.delete","cloudfunctions.functions.get","cloudfunctions.functions.list","cloudfunctions.functions.update","cloudfunctions.operations.get","firebase.projects.get"]
[debug] [2021-04-04T08:55:15.414Z] > refreshing access token with scopes: ["email","https://www.googleapis.com/auth/cloud-platform","https://www.googleapis.com/auth/cloudplatformprojects.readonly","https://www.googleapis.com/auth/firebase","openid"]
[debug] [2021-04-04T08:55:15.414Z] >>> HTTP REQUEST POST https://www.googleapis.com/oauth2/v3/token  
 <request body omitted>
[debug] [2021-04-04T08:55:15.919Z] <<< HTTP RESPONSE 200 {"pragma":"no-cache","date":"Sun, 04 Apr 2021 08:55:16 GMT","expires":"Mon, 01 Jan 1990 00:00:00 GMT","cache-control":"no-cache, no-store, max-age=0, must-revalidate","content-type":"application/json; charset=utf-8","vary":"X-Origin, Referer, Origin,Accept-Encoding","server":"scaffolding on HTTPServer2","x-xss-protection":"0","x-frame-options":"SAMEORIGIN","x-content-type-options":"nosniff","alt-svc":"h3-29=\":443\"; ma=2592000,h3-T051=\":443\"; ma=2592000,h3-Q050=\":443\"; ma=2592000,h3-Q046=\":443\"; ma=2592000,h3-Q043=\":443\"; ma=2592000,quic=\":443\"; ma=2592000; v=\"46,43\"","accept-ranges":"none","transfer-encoding":"chunked"}
[debug] [2021-04-04T08:55:15.937Z] >>> HTTP REQUEST POST https://cloudresourcemanager.googleapis.com/v1/projects/sprout-9526a:testIamPermissions  
 {"permissions":["cloudfunctions.functions.create","cloudfunctions.functions.delete","cloudfunctions.functions.get","cloudfunctions.functions.list","cloudfunctions.functions.update","cloudfunctions.operations.get","firebase.projects.get"]}
[debug] [2021-04-04T08:55:17.322Z] <<< HTTP RESPONSE 200 {"content-type":"application/json; charset=UTF-8","vary":"X-Origin, Referer, Origin,Accept-Encoding","date":"Sun, 04 Apr 2021 08:55:17 GMT","server":"ESF","cache-control":"private","x-xss-protection":"0","x-frame-options":"SAMEORIGIN","x-content-type-options":"nosniff","server-timing":"gfet4t7; dur=1017","alt-svc":"h3-29=\":443\"; ma=2592000,h3-T051=\":443\"; ma=2592000,h3-Q050=\":443\"; ma=2592000,h3-Q046=\":443\"; ma=2592000,h3-Q043=\":443\"; ma=2592000,quic=\":443\"; ma=2592000; v=\"46,43\"","accept-ranges":"none","transfer-encoding":"chunked"}
[debug] [2021-04-04T08:55:17.325Z] >>> HTTP REQUEST POST https://iam.googleapis.com/v1/projects/sprout-9526a/serviceAccounts/sprout-9526a@appspot.gserviceaccount.com:testIamPermissions  
 {"permissions":["iam.serviceAccounts.actAs"]}
[debug] [2021-04-04T08:55:18.844Z] <<< HTTP RESPONSE 200 {"content-type":"application/json; charset=UTF-8","vary":"X-Origin, Referer, Origin,Accept-Encoding","date":"Sun, 04 Apr 2021 08:55:19 GMT","server":"ESF","cache-control":"private","x-xss-protection":"0","x-frame-options":"SAMEORIGIN","x-content-type-options":"nosniff","alt-svc":"h3-29=\":443\"; ma=2592000,h3-T051=\":443\"; ma=2592000,h3-Q050=\":443\"; ma=2592000,h3-Q046=\":443\"; ma=2592000,h3-Q043=\":443\"; ma=2592000,quic=\":443\"; ma=2592000; v=\"46,43\"","accept-ranges":"none","transfer-encoding":"chunked"}
[info] 
[info] === Deploying to 'sprout-9526a'...
[info] 
[info] i  deploying functions 
[info] i  functions: ensuring required API cloudfunctions.googleapis.com is enabled... 
[info] i  functions: ensuring required API cloudbuild.googleapis.com is enabled... 
[debug] [2021-04-04T08:55:23.383Z] >>> HTTP REQUEST GET https://serviceusage.googleapis.com/v1/projects/sprout-9526a/services/cloudfunctions.googleapis.com  
 
[debug] [2021-04-04T08:55:23.383Z] >>> HTTP REQUEST GET https://serviceusage.googleapis.com/v1/projects/sprout-9526a/services/runtimeconfig.googleapis.com  
 
[debug] [2021-04-04T08:55:23.383Z] >>> HTTP REQUEST GET https://serviceusage.googleapis.com/v1/projects/sprout-9526a/services/cloudbuild.googleapis.com  
 
[debug] [2021-04-04T08:55:25.120Z] <<< HTTP RESPONSE 200 {"content-type":"application/json; charset=UTF-8","vary":"X-Origin, Referer, Origin,Accept-Encoding","date":"Sun, 04 Apr 2021 08:55:25 GMT","server":"ESF","cache-control":"private","x-xss-protection":"0","x-frame-options":"SAMEORIGIN","x-content-type-options":"nosniff","alt-svc":"h3-29=\":443\"; ma=2592000,h3-T051=\":443\"; ma=2592000,h3-Q050=\":443\"; ma=2592000,h3-Q046=\":443\"; ma=2592000,h3-Q043=\":443\"; ma=2592000,quic=\":443\"; ma=2592000; v=\"46,43\"","accept-ranges":"none","transfer-encoding":"chunked"}
[debug] [2021-04-04T08:55:25.143Z] <<< HTTP RESPONSE 200 {"content-type":"application/json; charset=UTF-8","vary":"X-Origin, Referer, Origin,Accept-Encoding","date":"Sun, 04 Apr 2021 08:55:25 GMT","server":"ESF","cache-control":"private","x-xss-protection":"0","x-frame-options":"SAMEORIGIN","x-content-type-options":"nosniff","alt-svc":"h3-29=\":443\"; ma=2592000,h3-T051=\":443\"; ma=2592000,h3-Q050=\":443\"; ma=2592000,h3-Q046=\":443\"; ma=2592000,h3-Q043=\":443\"; ma=2592000,quic=\":443\"; ma=2592000; v=\"46,43\"","accept-ranges":"none","transfer-encoding":"chunked"}
[info] +  functions: required API cloudbuild.googleapis.com is enabled 
[debug] [2021-04-04T08:55:25.270Z] <<< HTTP RESPONSE 200 {"content-type":"application/json; charset=UTF-8","vary":"X-Origin, Referer, Origin,Accept-Encoding","date":"Sun, 04 Apr 2021 08:55:25 GMT","server":"ESF","cache-control":"private","x-xss-protection":"0","x-frame-options":"SAMEORIGIN","x-content-type-options":"nosniff","alt-svc":"h3-29=\":443\"; ma=2592000,h3-T051=\":443\"; ma=2592000,h3-Q050=\":443\"; ma=2592000,h3-Q046=\":443\"; ma=2592000,h3-Q043=\":443\"; ma=2592000,quic=\":443\"; ma=2592000; v=\"46,43\"","accept-ranges":"none","transfer-encoding":"chunked"}
[info] +  functions: required API cloudfunctions.googleapis.com is enabled 
[debug] [2021-04-04T08:55:25.273Z] >>> HTTP REQUEST GET https://firebase.googleapis.com/v1beta1/projects/sprout-9526a/adminSdkConfig  
 
[debug] [2021-04-04T08:55:26.215Z] <<< HTTP RESPONSE 200 {"content-type":"application/json; charset=UTF-8","vary":"X-Origin, Referer, Origin,Accept-Encoding","date":"Sun, 04 Apr 2021 08:55:26 GMT","server":"ESF","cache-control":"private","x-xss-protection":"0","x-frame-options":"SAMEORIGIN","x-content-type-options":"nosniff","alt-svc":"h3-29=\":443\"; ma=2592000,h3-T051=\":443\"; ma=2592000,h3-Q050=\":443\"; ma=2592000,h3-Q046=\":443\"; ma=2592000,h3-Q043=\":443\"; ma=2592000,quic=\":443\"; ma=2592000; v=\"46,43\"","accept-ranges":"none","transfer-encoding":"chunked"}
[info] i  functions: preparing . directory for uploading... 
[debug] [2021-04-04T08:55:26.221Z] >>> HTTP REQUEST GET https://runtimeconfig.googleapis.com/v1beta1/projects/sprout-9526a/configs  
 
[debug] [2021-04-04T08:55:27.930Z] <<< HTTP RESPONSE 200 {"content-type":"application/json; charset=UTF-8","vary":"X-Origin, Referer, Origin,Accept-Encoding","date":"Sun, 04 Apr 2021 08:55:28 GMT","server":"ESF","cache-control":"private","x-xss-protection":"0","x-frame-options":"SAMEORIGIN","x-content-type-options":"nosniff","alt-svc":"h3-29=\":443\"; ma=2592000,h3-T051=\":443\"; ma=2592000,h3-Q050=\":443\"; ma=2592000,h3-Q046=\":443\"; ma=2592000,h3-Q043=\":443\"; ma=2592000,quic=\":443\"; ma=2592000; v=\"46,43\"","accept-ranges":"none","transfer-encoding":"chunked"}
[info] i  functions: packaged . (104.08 KB) for uploading 
[debug] [2021-04-04T08:55:29.111Z] > [functions] package.json contents: {
  "name": "sprout-api",
  "version": "1.0.0",
  "description": "",
  "main": "index.js",
  "scripts": {
    "test": "echo \"Error: no test specified\" && exit 1"
  },
  "author": "",
  "license": "ISC",
  "dependencies": {
    "axios": "^0.21.1",
    "body-parser": "^1.19.0",
    "cors": "^2.8.5",
    "express": "^4.17.1",
    "firebase-admin": "^9.5.0",
    "firebase-functions": "^3.13.2"
  }
}
[debug] [2021-04-04T08:55:29.113Z] >>> HTTP REQUEST GET https://cloudfunctions.googleapis.com/v1/projects/sprout-9526a/locations/-/functions  
 
[debug] [2021-04-04T08:55:29.946Z] <<< HTTP RESPONSE 200 {"content-type":"application/json; charset=UTF-8","vary":"X-Origin, Referer, Origin,Accept-Encoding","date":"Sun, 04 Apr 2021 08:55:30 GMT","server":"ESF","cache-control":"private","x-xss-protection":"0","x-frame-options":"SAMEORIGIN","x-content-type-options":"nosniff","alt-svc":"h3-29=\":443\"; ma=2592000,h3-T051=\":443\"; ma=2592000,h3-Q050=\":443\"; ma=2592000,h3-Q046=\":443\"; ma=2592000,h3-Q043=\":443\"; ma=2592000,quic=\":443\"; ma=2592000; v=\"46,43\"","accept-ranges":"none","transfer-encoding":"chunked"}
[debug] [2021-04-04T08:55:29.950Z] >>> HTTP REQUEST POST https://cloudfunctions.googleapis.com/v1/projects/sprout-9526a/locations/us-central1/functions:generateUploadUrl  
 
[debug] [2021-04-04T08:55:31.118Z] <<< HTTP RESPONSE 200 {"content-type":"application/json; charset=UTF-8","vary":"X-Origin, Referer, Origin,Accept-Encoding","date":"Sun, 04 Apr 2021 08:55:31 GMT","server":"ESF","cache-control":"private","x-xss-protection":"0","x-frame-options":"SAMEORIGIN","x-content-type-options":"nosniff","alt-svc":"h3-29=\":443\"; ma=2592000,h3-T051=\":443\"; ma=2592000,h3-Q050=\":443\"; ma=2592000,h3-Q046=\":443\"; ma=2592000,h3-Q043=\":443\"; ma=2592000,quic=\":443\"; ma=2592000; v=\"46,43\"","accept-ranges":"none","transfer-encoding":"chunked"}
[debug] [2021-04-04T08:55:31.119Z] >>> HTTP REQUEST PUT https://storage.googleapis.com/gcf-upload-us-central1-dc17e3c6-ec6c-4c1e-956f-7efa032b4b6c/b904636e-b201-4f85-a4b7-38dfd3d43498.zip?GoogleAccessId=service-1032162155980@gcf-admin-robot.iam.gserviceaccount.com&Expires=1617528331&Signature=NltWOaslVUHsjRge%2BxUlbS9PmTc33TnCVkIRqnngQyG%2FTwXGUroLsvpKybzsVTMvy54xO8mmuWTw%2FqFt%2BRZbA9saGwyrsdoe%2BKDbyABdac4dLbMaSttfVqq%2B2SE%2B64xZ17KInp5BvSjG5qf%2FHY2diO91TyBG8K%2F6sK1H%2BOwXpfs%2BOL6Bi9IurT8my76BdvyKuy4iwur0M9pwR8GW1PDpfaza4%2FethM5w50TpRmPv5jRLeVjOtydNvg2rrBOblBDesgl6cM7cL%2FnWpzppPV%2FAkHBDalCm3QsV37Qoh8rc3%2BzyHXfa%2FBXQwT1gNkRP0iPg%2Ff6pfwv58pKSYzBTe%2BwrGg%3D%3D  
 <request body omitted>
